<?xml version="1.0" encoding="UTF-8"?>
<!-- Generated by org.testng.reporters.JUnitReportReporter -->
<testsuite hostname="DESKTOP-AGHDDSV" failures="0" tests="1" name="test.com.StudentTest" time="0.006" errors="0" timestamp="13 Jan 2024 18:58:55 GMT">
  <testcase classname="test.com.StudentTest" name="testName" time="0.006"/>
</testsuite> <!-- test.com.StudentTest -->
